running egg_info
creating ../../build/motion_pkg/motion_pkg.egg-info
writing ../../build/motion_pkg/motion_pkg.egg-info/PKG-INFO
writing dependency_links to ../../build/motion_pkg/motion_pkg.egg-info/dependency_links.txt
writing entry points to ../../build/motion_pkg/motion_pkg.egg-info/entry_points.txt
writing requirements to ../../build/motion_pkg/motion_pkg.egg-info/requires.txt
writing top-level names to ../../build/motion_pkg/motion_pkg.egg-info/top_level.txt
writing manifest file '../../build/motion_pkg/motion_pkg.egg-info/SOURCES.txt'
reading manifest file '../../build/motion_pkg/motion_pkg.egg-info/SOURCES.txt'
writing manifest file '../../build/motion_pkg/motion_pkg.egg-info/SOURCES.txt'
running build
running build_py
creating /home/jcb/robocol/motion_control_ros2/build/motion_pkg/build
creating /home/jcb/robocol/motion_control_ros2/build/motion_pkg/build/lib
creating /home/jcb/robocol/motion_control_ros2/build/motion_pkg/build/lib/motion_pkg
copying motion_pkg/__init__.py -> /home/jcb/robocol/motion_control_ros2/build/motion_pkg/build/lib/motion_pkg
running install
running install_lib
creating /home/jcb/robocol/motion_control_ros2/install/motion_pkg/lib/python3.10/site-packages/motion_pkg
copying /home/jcb/robocol/motion_control_ros2/build/motion_pkg/build/lib/motion_pkg/__init__.py -> /home/jcb/robocol/motion_control_ros2/install/motion_pkg/lib/python3.10/site-packages/motion_pkg
byte-compiling /home/jcb/robocol/motion_control_ros2/install/motion_pkg/lib/python3.10/site-packages/motion_pkg/__init__.py to __init__.cpython-310.pyc
running install_data
creating /home/jcb/robocol/motion_control_ros2/install/motion_pkg/share/ament_index
creating /home/jcb/robocol/motion_control_ros2/install/motion_pkg/share/ament_index/resource_index
creating /home/jcb/robocol/motion_control_ros2/install/motion_pkg/share/ament_index/resource_index/packages
copying resource/motion_pkg -> /home/jcb/robocol/motion_control_ros2/install/motion_pkg/share/ament_index/resource_index/packages
copying package.xml -> /home/jcb/robocol/motion_control_ros2/install/motion_pkg/share/motion_pkg
running install_egg_info
Copying ../../build/motion_pkg/motion_pkg.egg-info to /home/jcb/robocol/motion_control_ros2/install/motion_pkg/lib/python3.10/site-packages/motion_pkg-0.0.0-py3.10.egg-info
running install_scripts
writing list of installed files to '/home/jcb/robocol/motion_control_ros2/build/motion_pkg/install.log'
